[debug] [2024-01-21T01:21:37.794Z] ----------------------------------------------------------------------
[debug] [2024-01-21T01:21:37.807Z] Command:       C:\Program Files\nodejs\node.exe C:\Users\XPHONES\AppData\Roaming\npm\node_modules\firebase-tools\lib\bin\firebase.js init
[debug] [2024-01-21T01:21:37.809Z] CLI Version:   13.0.3
[debug] [2024-01-21T01:21:37.810Z] Platform:      win32
[debug] [2024-01-21T01:21:37.811Z] Node Version:  v20.10.0
[debug] [2024-01-21T01:21:37.811Z] Time:          Sun Jan 21 2024 01:21:37 GMT+0000 (heure moyenne de Greenwich)
[debug] [2024-01-21T01:21:37.812Z] ----------------------------------------------------------------------
[debug] 
[debug] [2024-01-21T01:21:37.845Z] > command requires scopes: ["email","openid","https://www.googleapis.com/auth/cloudplatformprojects.readonly","https://www.googleapis.com/auth/firebase","https://www.googleapis.com/auth/cloud-platform"]
[debug] [2024-01-21T01:21:37.849Z] > authorizing via signed-in user (mouhamedlamotte.dev@gmail.com)
[info] 
     ######## #### ########  ######## ########     ###     ######  ########
     ##        ##  ##     ## ##       ##     ##  ##   ##  ##       ##
     ######    ##  ########  ######   ########  #########  ######  ######
     ##        ##  ##    ##  ##       ##     ## ##     ##       ## ##
     ##       #### ##     ## ######## ########  ##     ##  ######  ########

You're about to initialize a Firebase project in this directory:

  C:\next-firebase-tailwind\foruse

Before we get started, keep in mind:

  * You are currently outside your home directory

